

Started GET "/" for ::1 at 2016-08-06 16:04:31 -0600
Processing by Rails::WelcomeController#index as HTML
  Rendered /Library/Ruby/Gems/2.0.0/gems/railties-4.2.6/lib/rails/templates/rails/welcome/index.html.erb (1.8ms)
Completed 200 OK in 32ms (Views: 10.9ms | ActiveRecord: 0.0ms)


Started GET "/" for ::1 at 2016-08-06 16:09:26 -0600

Gem::LoadError (Specified 'sqlite3' for database adapter, but the gem is not loaded. Add `gem 'sqlite3'` to your Gemfile (and ensure its version is at the minimum required by ActiveRecord).):
  activerecord (4.2.6) lib/active_record/connection_adapters/connection_specification.rb:177:in `rescue in spec'
  activerecord (4.2.6) lib/active_record/connection_adapters/connection_specification.rb:174:in `spec'
  activerecord (4.2.6) lib/active_record/connection_handling.rb:50:in `establish_connection'
  activerecord (4.2.6) lib/active_record/railtie.rb:120:in `block (2 levels) in <class:Railtie>'
  activesupport (4.2.6) lib/active_support/lazy_load_hooks.rb:38:in `instance_eval'
  activesupport (4.2.6) lib/active_support/lazy_load_hooks.rb:38:in `execute_hook'
  activesupport (4.2.6) lib/active_support/lazy_load_hooks.rb:45:in `block in run_load_hooks'
  activesupport (4.2.6) lib/active_support/lazy_load_hooks.rb:44:in `each'
  activesupport (4.2.6) lib/active_support/lazy_load_hooks.rb:44:in `run_load_hooks'
  activerecord (4.2.6) lib/active_record/base.rb:315:in `<module:ActiveRecord>'
  activerecord (4.2.6) lib/active_record/base.rb:26:in `<top (required)>'
  activerecord (4.2.6) lib/active_record/migration.rb:383:in `connection'
  activerecord (4.2.6) lib/active_record/migration.rb:370:in `call'
  actionpack (4.2.6) lib/action_dispatch/middleware/callbacks.rb:29:in `block in call'
  activesupport (4.2.6) lib/active_support/callbacks.rb:88:in `__run_callbacks__'
  activesupport (4.2.6) lib/active_support/callbacks.rb:778:in `_run_call_callbacks'
  activesupport (4.2.6) lib/active_support/callbacks.rb:81:in `run_callbacks'
  actionpack (4.2.6) lib/action_dispatch/middleware/callbacks.rb:27:in `call'
  actionpack (4.2.6) lib/action_dispatch/middleware/reloader.rb:73:in `call'
  actionpack (4.2.6) lib/action_dispatch/middleware/remote_ip.rb:78:in `call'
  actionpack (4.2.6) lib/action_dispatch/middleware/debug_exceptions.rb:17:in `call'
  web-console (2.3.0) lib/web_console/middleware.rb:28:in `block in call'
  web-console (2.3.0) lib/web_console/middleware.rb:18:in `catch'
  web-console (2.3.0) lib/web_console/middleware.rb:18:in `call'
  actionpack (4.2.6) lib/action_dispatch/middleware/show_exceptions.rb:30:in `call'
  railties (4.2.6) lib/rails/rack/logger.rb:38:in `call_app'
  railties (4.2.6) lib/rails/rack/logger.rb:20:in `block in call'
  activesupport (4.2.6) lib/active_support/tagged_logging.rb:68:in `block in tagged'
  activesupport (4.2.6) lib/active_support/tagged_logging.rb:26:in `tagged'
  activesupport (4.2.6) lib/active_support/tagged_logging.rb:68:in `tagged'
  railties (4.2.6) lib/rails/rack/logger.rb:20:in `call'
  actionpack (4.2.6) lib/action_dispatch/middleware/request_id.rb:21:in `call'
  rack (1.6.4) lib/rack/methodoverride.rb:22:in `call'
  rack (1.6.4) lib/rack/runtime.rb:18:in `call'
  activesupport (4.2.6) lib/active_support/cache/strategy/local_cache_middleware.rb:28:in `call'
  rack (1.6.4) lib/rack/lock.rb:17:in `call'
  actionpack (4.2.6) lib/action_dispatch/middleware/static.rb:120:in `call'
  rack (1.6.4) lib/rack/sendfile.rb:113:in `call'
  railties (4.2.6) lib/rails/engine.rb:518:in `call'
  railties (4.2.6) lib/rails/application.rb:165:in `call'
  rack (1.6.4) lib/rack/lock.rb:17:in `call'
  rack (1.6.4) lib/rack/content_length.rb:15:in `call'
  rack (1.6.4) lib/rack/handler/webrick.rb:88:in `service'
  /System/Library/Frameworks/Ruby.framework/Versions/2.0/usr/lib/ruby/2.0.0/webrick/httpserver.rb:138:in `service'
  /System/Library/Frameworks/Ruby.framework/Versions/2.0/usr/lib/ruby/2.0.0/webrick/httpserver.rb:94:in `run'
  /System/Library/Frameworks/Ruby.framework/Versions/2.0/usr/lib/ruby/2.0.0/webrick/server.rb:295:in `block in start_thread'


  Rendered /Library/Ruby/Gems/2.0.0/gems/actionpack-4.2.6/lib/action_dispatch/middleware/templates/rescues/_source.erb (4.1ms)
  Rendered /Library/Ruby/Gems/2.0.0/gems/actionpack-4.2.6/lib/action_dispatch/middleware/templates/rescues/_trace.html.erb (1.9ms)
  Rendered /Library/Ruby/Gems/2.0.0/gems/actionpack-4.2.6/lib/action_dispatch/middleware/templates/rescues/_request_and_response.html.erb (1.5ms)
  Rendered /Library/Ruby/Gems/2.0.0/gems/actionpack-4.2.6/lib/action_dispatch/middleware/templates/rescues/diagnostics.html.erb within rescues/layout (26.4ms)
  Rendered /Library/Ruby/Gems/2.0.0/gems/web-console-2.3.0/lib/web_console/templates/_markup.html.erb (0.5ms)
  Rendered /Library/Ruby/Gems/2.0.0/gems/web-console-2.3.0/lib/web_console/templates/_inner_console_markup.html.erb within layouts/inlined_string (0.3ms)
  Rendered /Library/Ruby/Gems/2.0.0/gems/web-console-2.3.0/lib/web_console/templates/_prompt_box_markup.html.erb within layouts/inlined_string (0.3ms)
  Rendered /Library/Ruby/Gems/2.0.0/gems/web-console-2.3.0/lib/web_console/templates/style.css.erb within layouts/inlined_string (0.4ms)
  Rendered /Library/Ruby/Gems/2.0.0/gems/web-console-2.3.0/lib/web_console/templates/console.js.erb within layouts/javascript (23.4ms)
  Rendered /Library/Ruby/Gems/2.0.0/gems/web-console-2.3.0/lib/web_console/templates/main.js.erb within layouts/javascript (0.4ms)
  Rendered /Library/Ruby/Gems/2.0.0/gems/web-console-2.3.0/lib/web_console/templates/error_page.js.erb within layouts/javascript (0.4ms)
  Rendered /Library/Ruby/Gems/2.0.0/gems/web-console-2.3.0/lib/web_console/templates/index.html.erb (46.0ms)


Started GET "/" for ::1 at 2016-08-06 16:09:53 -0600
Processing by Rails::WelcomeController#index as HTML
  Rendered /Library/Ruby/Gems/2.0.0/gems/railties-4.2.6/lib/rails/templates/rails/welcome/index.html.erb (1.9ms)
Completed 200 OK in 9ms (Views: 9.2ms | ActiveRecord: 0.0ms)
